2016-05-14 20:16:33 [::1][-][5jraklhp8oct91q1imiiuvf3r2][error][yii\base\InvalidParamException] exception 'yii\base\InvalidParamException' with message 'The view file does not exist: /Library/WebServer/Documents/measure-cia/frontend/views/cia/registration/phoneNumber.php' in /Library/WebServer/Documents/measure-cia/vendor/yiisoft/yii2/base/View.php:226
Stack trace:
#0 /Library/WebServer/Documents/measure-cia/vendor/yiisoft/yii2/base/View.php(149): yii\base\View->renderFile('/Library/WebSer...', Array, Object(frontend\controllers\CiaController))
#1 /Library/WebServer/Documents/measure-cia/vendor/yiisoft/yii2/base/Controller.php(378): yii\base\View->render('registration/ph...', Array, Object(frontend\controllers\CiaController))
#2 /Library/WebServer/Documents/measure-cia/frontend/controllers/CiaController.php(189): yii\base\Controller->render('registration/ph...', Array)
#3 [internal function]: frontend\controllers\CiaController->registrationWizardStep(Object(beastbytes\wizard\StepEvent))
#4 /Library/WebServer/Documents/measure-cia/vendor/yiisoft/yii2/base/Component.php(541): call_user_func(Array, Object(beastbytes\wizard\StepEvent))
#5 /Library/WebServer/Documents/measure-cia/vendor/beastbytes/yii2-wizard/WizardBehavior.php(277): yii\base\Component->trigger('wizardStep', Object(beastbytes\wizard\StepEvent))
#6 [internal function]: beastbytes\wizard\WizardBehavior->step('phoneNumber')
#7 /Library/WebServer/Documents/measure-cia/vendor/yiisoft/yii2/base/Component.php(282): call_user_func_array(Array, Array)
#8 /Library/WebServer/Documents/measure-cia/frontend/controllers/CiaController.php(47): yii\base\Component->__call('step', Array)
#9 /Library/WebServer/Documents/measure-cia/frontend/controllers/CiaController.php(47): frontend\controllers\CiaController->step('phoneNumber')
#10 [internal function]: frontend\controllers\CiaController->actionRegistration('phoneNumber')
#11 /Library/WebServer/Documents/measure-cia/vendor/yiisoft/yii2/base/InlineAction.php(55): call_user_func_array(Array, Array)
#12 /Library/WebServer/Documents/measure-cia/vendor/yiisoft/yii2/base/Controller.php(154): yii\base\InlineAction->runWithParams(Array)
#13 /Library/WebServer/Documents/measure-cia/vendor/yiisoft/yii2/base/Module.php(454): yii\base\Controller->runAction('registration', Array)
#14 /Library/WebServer/Documents/measure-cia/vendor/yiisoft/yii2/web/Application.php(84): yii\base\Module->runAction('cia/registratio...', Array)
#15 /Library/WebServer/Documents/measure-cia/vendor/yiisoft/yii2/base/Application.php(375): yii\web\Application->handleRequest(Object(yii\web\Request))
#16 /Library/WebServer/Documents/measure-cia/frontend/web/index.php(18): yii\base\Application->run()
#17 {main}
2016-05-14 20:16:33 [::1][-][5jraklhp8oct91q1imiiuvf3r2][info][application] $_GET = [
    'r' => 'cia/registration'
    'step' => 'phoneNumber'
]

$_COOKIE = [
    '_csrf' => '8276ebaf104f6d2eaa5cbaf7b225bbcfa45b2a0f5435d3a6259cd249d4fc2f54a:2:{i:0;s:5:\"_csrf\";i:1;s:32:\"Km8ttmKwbN2VQ7FuNtW2EJfKCoOPQSjC\";}'
    'PHPSESSID' => '5jraklhp8oct91q1imiiuvf3r2'
]

$_SESSION = [
    '__flash' => []
    'Wizard.branches' => ArrayObject#1
    (
    )
    'Wizard.index' => 0
    'Wizard.stepData' => ArrayObject#2
    (
        [profile] => ArrayObject#3
        (
            [0] => backend\models\wizard\registration\Profile#4
            (
                [honorific_prefix] => 'Mr'
                [given_name] => 'asd'
                [family_name] => 'asd'
                [date_of_birth] => 'May 9, 2016'
                [yii\base\Model:_errors] => []
                [yii\base\Model:_validators] => ArrayObject#5
                (
                    [0] => yii\validators\SafeValidator#6
                    (
                        [attributes] => [
                            0 => 'honorific_prefix'
                            1 => 'given_name'
                            2 => 'family_name'
                            3 => 'date_of_birth'
                        ]
                        [message] => null
                        [on] => []
                        [except] => []
                        [skipOnError] => true
                        [skipOnEmpty] => true
                        [enableClientValidation] => true
                        [isEmpty] => null
                        [when] => null
                        [whenClient] => null
                        [yii\base\Component:_events] => []
                        [yii\base\Component:_behaviors] => null
                    )
                )
                [yii\base\Model:_scenario] => 'default'
                [yii\base\Component:_events] => []
                [yii\base\Component:_behaviors] => []
            )
            [1] => backend\models\wizard\registration\Profile#4(...)
            [2] => backend\models\wizard\registration\Profile#4(...)
        )
        [step1] => ArrayObject#7
        (
            [0] => backend\models\wizard\registration\Step1#8
            (
                [product_name] => 'Joomla!'
                [url_1] => 'https://www.cvedetails.com/vulnerability-list.php?vendor_id=3496&product_id=&version_id=&page=2&hasexp=0&opdos=0&opec=0&opov=0&opcsrf=0&opgpriv=0&opsqli=0&opxss=0&opdirt=0&opmemc=0&ophttprs=0&opbyp=0&opfileinc=0&opginf=0&cvssscoremin=0&cvssscoremax=0&year=0&month=0&cweid=0&order=1&trc=321&sha=803b5631aa08ccd518614131a1134c04c57a03ed'
                [url_2] => ''
                [url_3] => ''
                [url_4] => ''
                [url_5] => ''
                [url_6] => ''
                [url_7] => ''
                [url_8] => ''
                [url_9] => ''
                [url_10] => ''
                [yii\base\Model:_errors] => []
                [yii\base\Model:_validators] => ArrayObject#9
                (
                    [0] => yii\validators\SafeValidator#10
                    (
                        [attributes] => [
                            0 => 'product_name'
                            1 => 'url_1'
                            2 => 'url_2'
                            3 => 'url_3'
                            4 => 'url_4'
                            5 => 'url_5'
                            6 => 'url_6'
                            7 => 'url_7'
                            8 => 'url_8'
                            9 => 'url_9'
                            10 => 'url_10'
                        ]
                        [message] => null
                        [on] => []
                        [except] => []
                        [skipOnError] => true
                        [skipOnEmpty] => true
                        [enableClientValidation] => true
                        [isEmpty] => null
                        [when] => null
                        [whenClient] => null
                        [yii\base\Component:_events] => []
                        [yii\base\Component:_behaviors] => null
                    )
                    [1] => yii\validators\StringValidator#11
                    (
                        [length] => null
                        [max] => null
                        [min] => null
                        [message] => '{attribute} must be a string.'
                        [tooShort] => null
                        [tooLong] => null
                        [notEqual] => null
                        [encoding] => 'UTF-8'
                        [attributes] => [
                            0 => 'product_name'
                        ]
                        [on] => []
                        [except] => []
                        [skipOnError] => true
                        [skipOnEmpty] => true
                        [enableClientValidation] => true
                        [isEmpty] => null
                        [when] => null
                        [whenClient] => null
                        [yii\base\Component:_events] => []
                        [yii\base\Component:_behaviors] => null
                    )
                    [2] => yii\validators\UrlValidator#12
                    (
                        [pattern] => '/^{schemes}:\\/\\/(([A-Z0-9][A-Z0-9_-]*)(\\.[A-Z0-9][A-Z0-9_-]*)+)(?::\\d{1,5})?(?:$|[?\\/#])/i'
                        [validSchemes] => [
                            0 => 'http'
                            1 => 'https'
                        ]
                        [defaultScheme] => null
                        [enableIDN] => false
                        [attributes] => [
                            0 => 'url_1'
                            1 => 'url_2'
                            2 => 'url_3'
                            3 => 'url_4'
                            4 => 'url_5'
                            5 => 'url_6'
                            6 => 'url_7'
                            7 => 'url_8'
                            8 => 'url_9'
                            9 => 'url_10'
                        ]
                        [message] => '{attribute} is not a valid URL.'
                        [on] => []
                        [except] => []
                        [skipOnError] => true
                        [skipOnEmpty] => true
                        [enableClientValidation] => true
                        [isEmpty] => null
                        [when] => null
                        [whenClient] => null
                        [yii\base\Component:_events] => []
                        [yii\base\Component:_behaviors] => null
                    )
                    [3] => yii\validators\RequiredValidator#13
                    (
                        [skipOnEmpty] => false
                        [requiredValue] => null
                        [strict] => false
                        [message] => '{attribute} cannot be blank.'
                        [attributes] => [
                            0 => 'product_name'
                            1 => 'url_1'
                        ]
                        [on] => []
                        [except] => []
                        [skipOnError] => true
                        [enableClientValidation] => true
                        [isEmpty] => null
                        [when] => null
                        [whenClient] => null
                        [yii\base\Component:_events] => []
                        [yii\base\Component:_behaviors] => null
                    )
                )
                [yii\base\Model:_scenario] => 'default'
                [yii\base\Component:_events] => []
                [yii\base\Component:_behaviors] => []
            )
            [1] => backend\models\wizard\registration\Step1#8(...)
            [2] => backend\models\wizard\registration\Step1#8(...)
            [3] => backend\models\wizard\registration\Step1#8(...)
            [4] => backend\models\wizard\registration\Step1#8(...)
            [5] => backend\models\wizard\registration\Step1#8(...)
            [6] => backend\models\wizard\registration\Step1#8(...)
            [7] => backend\models\wizard\registration\Step1#8(...)
            [8] => backend\models\wizard\registration\Step1#8(...)
            [9] => backend\models\wizard\registration\Step1#8(...)
            [10] => backend\models\wizard\registration\Step1#8(...)
            [11] => backend\models\wizard\registration\Step1#8(...)
            [12] => backend\models\wizard\registration\Step1#8(...)
            [13] => backend\models\wizard\registration\Step1#8(...)
            [14] => backend\models\wizard\registration\Step1#8(...)
            [15] => backend\models\wizard\registration\Step1#8(...)
            [16] => backend\models\wizard\registration\Step1#8(...)
            [17] => backend\models\wizard\registration\Step1#8(...)
            [18] => backend\models\wizard\registration\Step1#8(...)
            [19] => backend\models\wizard\registration\Step1#8(...)
            [20] => backend\models\wizard\registration\Step1#8(...)
            [21] => backend\models\wizard\registration\Step1#8(...)
            [22] => backend\models\wizard\registration\Step1#8(...)
        )
        [address] => ArrayObject#14
        (
            [0] => backend\models\wizard\registration\Address#15
            (
                [street_address] => ''
                [locality] => ''
                [region] => ''
                [postal_code] => ''
                [yii\base\Model:_errors] => []
                [yii\base\Model:_validators] => ArrayObject#16
                (
                    [0] => yii\validators\SafeValidator#17
                    (
                        [attributes] => [
                            0 => 'street_address'
                            1 => 'locality'
                            2 => 'region'
                            3 => 'postal_code'
                        ]
                        [message] => null
                        [on] => []
                        [except] => []
                        [skipOnError] => true
                        [skipOnEmpty] => true
                        [enableClientValidation] => true
                        [isEmpty] => null
                        [when] => null
                        [whenClient] => null
                        [yii\base\Component:_events] => []
                        [yii\base\Component:_behaviors] => null
                    )
                )
                [yii\base\Model:_scenario] => 'default'
                [yii\base\Component:_events] => []
                [yii\base\Component:_behaviors] => []
            )
        )
        [step2] => ArrayObject#18
        (
            [0] => backend\models\wizard\registration\Step2#19
            (
                [token] => 'ajshd68179puohlkwbadfd'
                [yii\base\Model:_errors] => []
                [yii\base\Model:_validators] => ArrayObject#20
                (
                    [0] => yii\validators\SafeValidator#21
                    (
                        [attributes] => [
                            0 => 'token'
                        ]
                        [message] => null
                        [on] => []
                        [except] => []
                        [skipOnError] => true
                        [skipOnEmpty] => true
                        [enableClientValidation] => true
                        [isEmpty] => null
                        [when] => null
                        [whenClient] => null
                        [yii\base\Component:_events] => []
                        [yii\base\Component:_behaviors] => null
                    )
                    [1] => yii\validators\StringValidator#22
                    (
                        [length] => null
                        [max] => null
                        [min] => null
                        [message] => '{attribute} must be a string.'
                        [tooShort] => null
                        [tooLong] => null
                        [notEqual] => null
                        [encoding] => 'UTF-8'
                        [attributes] => [
                            0 => 'token'
                        ]
                        [on] => []
                        [except] => []
                        [skipOnError] => true
                        [skipOnEmpty] => true
                        [enableClientValidation] => true
                        [isEmpty] => null
                        [when] => null
                        [whenClient] => null
                        [yii\base\Component:_events] => []
                        [yii\base\Component:_behaviors] => null
                    )
                    [2] => yii\validators\RequiredValidator#23
                    (
                        [skipOnEmpty] => false
                        [requiredValue] => null
                        [strict] => false
                        [message] => '{attribute} cannot be blank.'
                        [attributes] => [
                            0 => 'token'
                        ]
                        [on] => []
                        [except] => []
                        [skipOnError] => true
                        [enableClientValidation] => true
                        [isEmpty] => null
                        [when] => null
                        [whenClient] => null
                        [yii\base\Component:_events] => []
                        [yii\base\Component:_behaviors] => null
                    )
                )
                [yii\base\Model:_scenario] => 'default'
                [yii\base\Component:_events] => []
                [yii\base\Component:_behaviors] => []
            )
            [1] => backend\models\wizard\registration\Step2#19(...)
            [2] => backend\models\wizard\registration\Step2#19(...)
            [3] => backend\models\wizard\registration\Step2#19(...)
            [4] => backend\models\wizard\registration\Step2#19(...)
        )
    )
    'Wizard.steps' => [
        'profile' => 'Profile'
        'address' => 'Address'
        'phoneNumber' => 'Phone Number'
        'user' => 'User'
    ]
    'stats' => [
        'modelIds' => [
            0 => 102
            1 => 103
            2 => 104
            3 => 105
            4 => 106
            5 => 107
            6 => 108
            7 => 109
            8 => 110
            9 => 111
            10 => 112
            11 => 113
            12 => 114
            13 => 115
            14 => 116
            15 => 117
            16 => 118
            17 => 119
            18 => 120
            19 => 121
            20 => 122
            21 => 123
            22 => 124
            23 => 125
            24 => 126
            25 => 127
            26 => 128
            27 => 129
            28 => 130
            29 => 131
            30 => 132
            31 => 133
            32 => 134
            33 => 135
            34 => 136
            35 => 137
            36 => 138
            37 => 139
            38 => 140
            39 => 141
            40 => 142
            41 => 143
            42 => 144
            43 => 145
            44 => 146
            45 => 147
            46 => 148
            47 => 149
            48 => 150
            49 => 151
        ]
        'total_rows' => 50
        'imported_rows' => 50
        'invalid_rows' => 0
    ]
]

$_SERVER = [
    'HTTP_HOST' => 'localhost'
    'HTTP_USER_AGENT' => 'Mozilla/5.0 (Macintosh; Intel Mac OS X 10.11; rv:45.0) Gecko/20100101 Firefox/45.0'
    'HTTP_ACCEPT' => 'text/html,application/xhtml+xml,application/xml;q=0.9,*/*;q=0.8'
    'HTTP_ACCEPT_LANGUAGE' => 'en-US,en;q=0.5'
    'HTTP_ACCEPT_ENCODING' => 'gzip, deflate'
    'HTTP_COOKIE' => '_csrf=8276ebaf104f6d2eaa5cbaf7b225bbcfa45b2a0f5435d3a6259cd249d4fc2f54a%3A2%3A%7Bi%3A0%3Bs%3A5%3A%22_csrf%22%3Bi%3A1%3Bs%3A32%3A%22Km8ttmKwbN2VQ7FuNtW2EJfKCoOPQSjC%22%3B%7D; PHPSESSID=5jraklhp8oct91q1imiiuvf3r2'
    'HTTP_CONNECTION' => 'keep-alive'
    'HTTP_CACHE_CONTROL' => 'max-age=0'
    'PATH' => '/usr/bin:/bin:/usr/sbin:/sbin'
    'SERVER_SIGNATURE' => ''
    'SERVER_SOFTWARE' => 'Apache/2.4.18 (Unix) PHP/5.5.31'
    'SERVER_NAME' => 'localhost'
    'SERVER_ADDR' => '::1'
    'SERVER_PORT' => '80'
    'REMOTE_ADDR' => '::1'
    'DOCUMENT_ROOT' => '/Library/WebServer/Documents'
    'REQUEST_SCHEME' => 'http'
    'CONTEXT_PREFIX' => ''
    'CONTEXT_DOCUMENT_ROOT' => '/Library/WebServer/Documents'
    'SERVER_ADMIN' => 'you@example.com'
    'SCRIPT_FILENAME' => '/Library/WebServer/Documents/measure-cia/frontend/web/index.php'
    'REMOTE_PORT' => '54131'
    'GATEWAY_INTERFACE' => 'CGI/1.1'
    'SERVER_PROTOCOL' => 'HTTP/1.1'
    'REQUEST_METHOD' => 'GET'
    'QUERY_STRING' => 'r=cia%2Fregistration&step=phoneNumber'
    'REQUEST_URI' => '/measure-cia/frontend/web/index.php?r=cia%2Fregistration&step=phoneNumber'
    'SCRIPT_NAME' => '/measure-cia/frontend/web/index.php'
    'PHP_SELF' => '/measure-cia/frontend/web/index.php'
    'REQUEST_TIME_FLOAT' => 1463246193.607
    'REQUEST_TIME' => 1463246193
]
2016-05-14 20:16:36 [::1][-][5jraklhp8oct91q1imiiuvf3r2][error][yii\base\ErrorException:1] exception 'yii\base\ErrorException' with message 'Class 'backend\models\wizard\registration\Re' not found' in /Library/WebServer/Documents/measure-cia/frontend/controllers/CiaController.php:59
Stack trace:
#0 [internal function]: yii\base\ErrorHandler->handleFatalError()
#1 {main}
2016-05-14 20:16:36 [::1][-][5jraklhp8oct91q1imiiuvf3r2][info][application] $_GET = [
    'r' => 'cia/registration'
    'step' => 're'
]

$_COOKIE = [
    '_csrf' => '8276ebaf104f6d2eaa5cbaf7b225bbcfa45b2a0f5435d3a6259cd249d4fc2f54a:2:{i:0;s:5:\"_csrf\";i:1;s:32:\"Km8ttmKwbN2VQ7FuNtW2EJfKCoOPQSjC\";}'
    'PHPSESSID' => '5jraklhp8oct91q1imiiuvf3r2'
]

$_SESSION = [
    '__flash' => []
    'Wizard.branches' => ArrayObject#1
    (
    )
    'Wizard.index' => 0
    'Wizard.stepData' => ArrayObject#2
    (
        [profile] => ArrayObject#3
        (
            [0] => backend\models\wizard\registration\Profile#4
            (
                [honorific_prefix] => 'Mr'
                [given_name] => 'asd'
                [family_name] => 'asd'
                [date_of_birth] => 'May 9, 2016'
                [yii\base\Model:_errors] => []
                [yii\base\Model:_validators] => ArrayObject#5
                (
                    [0] => yii\validators\SafeValidator#6
                    (
                        [attributes] => [
                            0 => 'honorific_prefix'
                            1 => 'given_name'
                            2 => 'family_name'
                            3 => 'date_of_birth'
                        ]
                        [message] => null
                        [on] => []
                        [except] => []
                        [skipOnError] => true
                        [skipOnEmpty] => true
                        [enableClientValidation] => true
                        [isEmpty] => null
                        [when] => null
                        [whenClient] => null
                        [yii\base\Component:_events] => []
                        [yii\base\Component:_behaviors] => null
                    )
                )
                [yii\base\Model:_scenario] => 'default'
                [yii\base\Component:_events] => []
                [yii\base\Component:_behaviors] => []
            )
            [1] => backend\models\wizard\registration\Profile#4(...)
            [2] => backend\models\wizard\registration\Profile#4(...)
        )
        [step1] => ArrayObject#7
        (
            [0] => backend\models\wizard\registration\Step1#8
            (
                [product_name] => 'Joomla!'
                [url_1] => 'https://www.cvedetails.com/vulnerability-list.php?vendor_id=3496&product_id=&version_id=&page=2&hasexp=0&opdos=0&opec=0&opov=0&opcsrf=0&opgpriv=0&opsqli=0&opxss=0&opdirt=0&opmemc=0&ophttprs=0&opbyp=0&opfileinc=0&opginf=0&cvssscoremin=0&cvssscoremax=0&year=0&month=0&cweid=0&order=1&trc=321&sha=803b5631aa08ccd518614131a1134c04c57a03ed'
                [url_2] => ''
                [url_3] => ''
                [url_4] => ''
                [url_5] => ''
                [url_6] => ''
                [url_7] => ''
                [url_8] => ''
                [url_9] => ''
                [url_10] => ''
                [yii\base\Model:_errors] => []
                [yii\base\Model:_validators] => ArrayObject#9
                (
                    [0] => yii\validators\SafeValidator#10
                    (
                        [attributes] => [
                            0 => 'product_name'
                            1 => 'url_1'
                            2 => 'url_2'
                            3 => 'url_3'
                            4 => 'url_4'
                            5 => 'url_5'
                            6 => 'url_6'
                            7 => 'url_7'
                            8 => 'url_8'
                            9 => 'url_9'
                            10 => 'url_10'
                        ]
                        [message] => null
                        [on] => []
                        [except] => []
                        [skipOnError] => true
                        [skipOnEmpty] => true
                        [enableClientValidation] => true
                        [isEmpty] => null
                        [when] => null
                        [whenClient] => null
                        [yii\base\Component:_events] => []
                        [yii\base\Component:_behaviors] => null
                    )
                    [1] => yii\validators\StringValidator#11
                    (
                        [length] => null
                        [max] => null
                        [min] => null
                        [message] => '{attribute} must be a string.'
                        [tooShort] => null
                        [tooLong] => null
                        [notEqual] => null
                        [encoding] => 'UTF-8'
                        [attributes] => [
                            0 => 'product_name'
                        ]
                        [on] => []
                        [except] => []
                        [skipOnError] => true
                        [skipOnEmpty] => true
                        [enableClientValidation] => true
                        [isEmpty] => null
                        [when] => null
                        [whenClient] => null
                        [yii\base\Component:_events] => []
                        [yii\base\Component:_behaviors] => null
                    )
                    [2] => yii\validators\UrlValidator#12
                    (
                        [pattern] => '/^{schemes}:\\/\\/(([A-Z0-9][A-Z0-9_-]*)(\\.[A-Z0-9][A-Z0-9_-]*)+)(?::\\d{1,5})?(?:$|[?\\/#])/i'
                        [validSchemes] => [
                            0 => 'http'
                            1 => 'https'
                        ]
                        [defaultScheme] => null
                        [enableIDN] => false
                        [attributes] => [
                            0 => 'url_1'
                            1 => 'url_2'
                            2 => 'url_3'
                            3 => 'url_4'
                            4 => 'url_5'
                            5 => 'url_6'
                            6 => 'url_7'
                            7 => 'url_8'
                            8 => 'url_9'
                            9 => 'url_10'
                        ]
                        [message] => '{attribute} is not a valid URL.'
                        [on] => []
                        [except] => []
                        [skipOnError] => true
                        [skipOnEmpty] => true
                        [enableClientValidation] => true
                        [isEmpty] => null
                        [when] => null
                        [whenClient] => null
                        [yii\base\Component:_events] => []
                        [yii\base\Component:_behaviors] => null
                    )
                    [3] => yii\validators\RequiredValidator#13
                    (
                        [skipOnEmpty] => false
                        [requiredValue] => null
                        [strict] => false
                        [message] => '{attribute} cannot be blank.'
                        [attributes] => [
                            0 => 'product_name'
                            1 => 'url_1'
                        ]
                        [on] => []
                        [except] => []
                        [skipOnError] => true
                        [enableClientValidation] => true
                        [isEmpty] => null
                        [when] => null
                        [whenClient] => null
                        [yii\base\Component:_events] => []
                        [yii\base\Component:_behaviors] => null
                    )
                )
                [yii\base\Model:_scenario] => 'default'
                [yii\base\Component:_events] => []
                [yii\base\Component:_behaviors] => []
            )
            [1] => backend\models\wizard\registration\Step1#8(...)
            [2] => backend\models\wizard\registration\Step1#8(...)
            [3] => backend\models\wizard\registration\Step1#8(...)
            [4] => backend\models\wizard\registration\Step1#8(...)
            [5] => backend\models\wizard\registration\Step1#8(...)
            [6] => backend\models\wizard\registration\Step1#8(...)
            [7] => backend\models\wizard\registration\Step1#8(...)
            [8] => backend\models\wizard\registration\Step1#8(...)
            [9] => backend\models\wizard\registration\Step1#8(...)
            [10] => backend\models\wizard\registration\Step1#8(...)
            [11] => backend\models\wizard\registration\Step1#8(...)
            [12] => backend\models\wizard\registration\Step1#8(...)
            [13] => backend\models\wizard\registration\Step1#8(...)
            [14] => backend\models\wizard\registration\Step1#8(...)
            [15] => backend\models\wizard\registration\Step1#8(...)
            [16] => backend\models\wizard\registration\Step1#8(...)
            [17] => backend\models\wizard\registration\Step1#8(...)
            [18] => backend\models\wizard\registration\Step1#8(...)
            [19] => backend\models\wizard\registration\Step1#8(...)
            [20] => backend\models\wizard\registration\Step1#8(...)
            [21] => backend\models\wizard\registration\Step1#8(...)
            [22] => backend\models\wizard\registration\Step1#8(...)
        )
        [address] => ArrayObject#14
        (
            [0] => backend\models\wizard\registration\Address#15
            (
                [street_address] => ''
                [locality] => ''
                [region] => ''
                [postal_code] => ''
                [yii\base\Model:_errors] => []
                [yii\base\Model:_validators] => ArrayObject#16
                (
                    [0] => yii\validators\SafeValidator#17
                    (
                        [attributes] => [
                            0 => 'street_address'
                            1 => 'locality'
                            2 => 'region'
                            3 => 'postal_code'
                        ]
                        [message] => null
                        [on] => []
                        [except] => []
                        [skipOnError] => true
                        [skipOnEmpty] => true
                        [enableClientValidation] => true
                        [isEmpty] => null
                        [when] => null
                        [whenClient] => null
                        [yii\base\Component:_events] => []
                        [yii\base\Component:_behaviors] => null
                    )
                )
                [yii\base\Model:_scenario] => 'default'
                [yii\base\Component:_events] => []
                [yii\base\Component:_behaviors] => []
            )
        )
        [step2] => ArrayObject#18
        (
            [0] => backend\models\wizard\registration\Step2#19
            (
                [token] => 'ajshd68179puohlkwbadfd'
                [yii\base\Model:_errors] => []
                [yii\base\Model:_validators] => ArrayObject#20
                (
                    [0] => yii\validators\SafeValidator#21
                    (
                        [attributes] => [
                            0 => 'token'
                        ]
                        [message] => null
                        [on] => []
                        [except] => []
                        [skipOnError] => true
                        [skipOnEmpty] => true
                        [enableClientValidation] => true
                        [isEmpty] => null
                        [when] => null
                        [whenClient] => null
                        [yii\base\Component:_events] => []
                        [yii\base\Component:_behaviors] => null
                    )
                    [1] => yii\validators\StringValidator#22
                    (
                        [length] => null
                        [max] => null
                        [min] => null
                        [message] => '{attribute} must be a string.'
                        [tooShort] => null
                        [tooLong] => null
                        [notEqual] => null
                        [encoding] => 'UTF-8'
                        [attributes] => [
                            0 => 'token'
                        ]
                        [on] => []
                        [except] => []
                        [skipOnError] => true
                        [skipOnEmpty] => true
                        [enableClientValidation] => true
                        [isEmpty] => null
                        [when] => null
                        [whenClient] => null
                        [yii\base\Component:_events] => []
                        [yii\base\Component:_behaviors] => null
                    )
                    [2] => yii\validators\RequiredValidator#23
                    (
                        [skipOnEmpty] => false
                        [requiredValue] => null
                        [strict] => false
                        [message] => '{attribute} cannot be blank.'
                        [attributes] => [
                            0 => 'token'
                        ]
                        [on] => []
                        [except] => []
                        [skipOnError] => true
                        [enableClientValidation] => true
                        [isEmpty] => null
                        [when] => null
                        [whenClient] => null
                        [yii\base\Component:_events] => []
                        [yii\base\Component:_behaviors] => null
                    )
                )
                [yii\base\Model:_scenario] => 'default'
                [yii\base\Component:_events] => []
                [yii\base\Component:_behaviors] => []
            )
            [1] => backend\models\wizard\registration\Step2#19(...)
            [2] => backend\models\wizard\registration\Step2#19(...)
            [3] => backend\models\wizard\registration\Step2#19(...)
            [4] => backend\models\wizard\registration\Step2#19(...)
        )
    )
    'Wizard.steps' => [
        'profile' => 'Profile'
        'address' => 'Address'
        'phoneNumber' => 'Phone Number'
        'user' => 'User'
    ]
    'stats' => [
        'modelIds' => [
            0 => 102
            1 => 103
            2 => 104
            3 => 105
            4 => 106
            5 => 107
            6 => 108
            7 => 109
            8 => 110
            9 => 111
            10 => 112
            11 => 113
            12 => 114
            13 => 115
            14 => 116
            15 => 117
            16 => 118
            17 => 119
            18 => 120
            19 => 121
            20 => 122
            21 => 123
            22 => 124
            23 => 125
            24 => 126
            25 => 127
            26 => 128
            27 => 129
            28 => 130
            29 => 131
            30 => 132
            31 => 133
            32 => 134
            33 => 135
            34 => 136
            35 => 137
            36 => 138
            37 => 139
            38 => 140
            39 => 141
            40 => 142
            41 => 143
            42 => 144
            43 => 145
            44 => 146
            45 => 147
            46 => 148
            47 => 149
            48 => 150
            49 => 151
        ]
        'total_rows' => 50
        'imported_rows' => 50
        'invalid_rows' => 0
    ]
]

$_SERVER = [
    'HTTP_HOST' => 'localhost'
    'HTTP_USER_AGENT' => 'Mozilla/5.0 (Macintosh; Intel Mac OS X 10.11; rv:45.0) Gecko/20100101 Firefox/45.0'
    'HTTP_ACCEPT' => 'text/html,application/xhtml+xml,application/xml;q=0.9,*/*;q=0.8'
    'HTTP_ACCEPT_LANGUAGE' => 'en-US,en;q=0.5'
    'HTTP_ACCEPT_ENCODING' => 'gzip, deflate'
    'HTTP_COOKIE' => '_csrf=8276ebaf104f6d2eaa5cbaf7b225bbcfa45b2a0f5435d3a6259cd249d4fc2f54a%3A2%3A%7Bi%3A0%3Bs%3A5%3A%22_csrf%22%3Bi%3A1%3Bs%3A32%3A%22Km8ttmKwbN2VQ7FuNtW2EJfKCoOPQSjC%22%3B%7D; PHPSESSID=5jraklhp8oct91q1imiiuvf3r2'
    'HTTP_CONNECTION' => 'keep-alive'
    'PATH' => '/usr/bin:/bin:/usr/sbin:/sbin'
    'SERVER_SIGNATURE' => ''
    'SERVER_SOFTWARE' => 'Apache/2.4.18 (Unix) PHP/5.5.31'
    'SERVER_NAME' => 'localhost'
    'SERVER_ADDR' => '::1'
    'SERVER_PORT' => '80'
    'REMOTE_ADDR' => '::1'
    'DOCUMENT_ROOT' => '/Library/WebServer/Documents'
    'REQUEST_SCHEME' => 'http'
    'CONTEXT_PREFIX' => ''
    'CONTEXT_DOCUMENT_ROOT' => '/Library/WebServer/Documents'
    'SERVER_ADMIN' => 'you@example.com'
    'SCRIPT_FILENAME' => '/Library/WebServer/Documents/measure-cia/frontend/web/index.php'
    'REMOTE_PORT' => '54134'
    'GATEWAY_INTERFACE' => 'CGI/1.1'
    'SERVER_PROTOCOL' => 'HTTP/1.1'
    'REQUEST_METHOD' => 'GET'
    'QUERY_STRING' => 'r=cia%2Fregistration&step=re'
    'REQUEST_URI' => '/measure-cia/frontend/web/index.php?r=cia%2Fregistration&step=re'
    'SCRIPT_NAME' => '/measure-cia/frontend/web/index.php'
    'PHP_SELF' => '/measure-cia/frontend/web/index.php'
    'REQUEST_TIME_FLOAT' => 1463246196.922
    'REQUEST_TIME' => 1463246196
]
